<?xml version="1.0" encoding="UTF-8"?>
<!-- Generated by org.testng.reporters.JUnitXMLReporter -->
<testsuite ignored="0" hostname="LAPTOP-KNHGPORF" failures="0" tests="3" name="Test" time="30.993" errors="0" timestamp="2025-01-02T08:19:49 IST">
  <testcase classname="testCase.Testcase_UseCase" name="UseCase1" time="5.176"/>
  <testcase classname="testCase.Test_User_Case2" name="login_Testcase_valid" time="2.151"/>
  <testcase classname="testCase.Test_User_Case2" name="login_Testcase_valid" time="2.186"/>
</testsuite> <!-- Test -->
