<?xml version="1.0" encoding="UTF-8"?>
<testng-results ignored="0" total="3" passed="3" failed="0" skipped="0">
  <reporter-output>
  </reporter-output>
  <suite started-at="2025-01-02T08:19:18 IST" name="Suite" finished-at="2025-01-02T08:19:49 IST" duration-ms="30993">
    <groups>
    </groups>
    <test started-at="2025-01-02T08:19:18 IST" name="Test" finished-at="2025-01-02T08:19:49 IST" duration-ms="30993">
      <class name="testCase.Test_User_Case2">
        <test-method is-config="true" signature="setup(java.lang.String)[pri:0, instance:testCase.Test_User_Case2@53f6fd09]" started-at="2025-01-02T08:19:30 IST" name="setup" finished-at="2025-01-02T08:19:39 IST" duration-ms="9431" status="PASS">
          <params>
            <param index="0">
              <value>
                <![CDATA[https://opensource-demo.orangehrmlive.com/web/index.php/auth/login]]>
              </value>
            </param>
          </params>
          <reporter-output>
          </reporter-output>
        </test-method> <!-- setup -->
        <test-method signature="login_Testcase_valid(java.lang.String,java.lang.String)[pri:0, instance:testCase.Test_User_Case2@53f6fd09]" started-at="2025-01-02T08:19:39 IST" name="login_Testcase_valid" data-provider="loginData" finished-at="2025-01-02T08:19:41 IST" duration-ms="2151" status="PASS">
          <params>
            <param index="0">
              <value>
                <![CDATA[Admin]]>
              </value>
            </param>
            <param index="1">
              <value>
                <![CDATA[admin123]]>
              </value>
            </param>
          </params>
          <reporter-output>
          </reporter-output>
        </test-method> <!-- login_Testcase_valid -->
        <test-method is-config="true" signature="tearDown()[pri:0, instance:testCase.Test_User_Case2@53f6fd09]" started-at="2025-01-02T08:19:41 IST" name="tearDown" finished-at="2025-01-02T08:19:42 IST" duration-ms="439" status="PASS">
          <reporter-output>
          </reporter-output>
        </test-method> <!-- tearDown -->
        <test-method is-config="true" signature="setup(java.lang.String)[pri:0, instance:testCase.Test_User_Case2@53f6fd09]" started-at="2025-01-02T08:19:42 IST" name="setup" finished-at="2025-01-02T08:19:46 IST" duration-ms="4452" status="PASS">
          <params>
            <param index="0">
              <value>
                <![CDATA[https://opensource-demo.orangehrmlive.com/web/index.php/auth/login]]>
              </value>
            </param>
          </params>
          <reporter-output>
          </reporter-output>
        </test-method> <!-- setup -->
        <test-method signature="login_Testcase_valid(java.lang.String,java.lang.String)[pri:0, instance:testCase.Test_User_Case2@53f6fd09]" started-at="2025-01-02T08:19:46 IST" name="login_Testcase_valid" data-provider="loginData" finished-at="2025-01-02T08:19:49 IST" duration-ms="2186" status="PASS">
          <params>
            <param index="0">
              <value>
                <![CDATA[Admin]]>
              </value>
            </param>
            <param index="1">
              <value>
                <![CDATA[admin124]]>
              </value>
            </param>
          </params>
          <reporter-output>
          </reporter-output>
        </test-method> <!-- login_Testcase_valid -->
        <test-method is-config="true" signature="tearDown()[pri:0, instance:testCase.Test_User_Case2@53f6fd09]" started-at="2025-01-02T08:19:49 IST" name="tearDown" finished-at="2025-01-02T08:19:49 IST" duration-ms="486" status="PASS">
          <reporter-output>
          </reporter-output>
        </test-method> <!-- tearDown -->
      </class> <!-- testCase.Test_User_Case2 -->
      <class name="testCase.Testcase_UseCase">
        <test-method is-config="true" signature="setup(java.lang.String)[pri:0, instance:testCase.Testcase_UseCase@13ad5cd3]" started-at="2025-01-02T08:19:18 IST" name="setup" finished-at="2025-01-02T08:19:24 IST" duration-ms="5309" status="PASS">
          <params>
            <param index="0">
              <value>
                <![CDATA[https://erail.in/]]>
              </value>
            </param>
          </params>
          <reporter-output>
          </reporter-output>
        </test-method> <!-- setup -->
        <test-method signature="UseCase1()[pri:0, instance:testCase.Testcase_UseCase@13ad5cd3]" started-at="2025-01-02T08:19:24 IST" name="UseCase1" finished-at="2025-01-02T08:19:29 IST" duration-ms="5176" status="PASS">
          <reporter-output>
          </reporter-output>
        </test-method> <!-- UseCase1 -->
        <test-method is-config="true" signature="tearDown()[pri:0, instance:testCase.Testcase_UseCase@13ad5cd3]" started-at="2025-01-02T08:19:29 IST" name="tearDown" finished-at="2025-01-02T08:19:30 IST" duration-ms="822" status="PASS">
          <reporter-output>
          </reporter-output>
        </test-method> <!-- tearDown -->
      </class> <!-- testCase.Testcase_UseCase -->
    </test> <!-- Test -->
  </suite> <!-- Suite -->
</testng-results>
